{
  "RSpec": {
    "coverage": {
      "/Users/erikapheby/Projects/pairing-tests/21s/spec/deck_spec.rb": [
        1,
        null,
        1,
        2,
        null,
        1,
        1,
        1,
        1,
        null,
        null,
        null,
        null
      ],
      "/Users/erikapheby/Projects/pairing-tests/21s/lib/deck.rb": [
        1,
        1,
        null,
        1,
        1,
        null,
        null,
        1,
        2,
        null,
        null
      ],
      "/Users/erikapheby/Projects/pairing-tests/21s/spec/game_spec.rb": [
        1,
        null,
        1,
        7,
        7,
        7,
        7,
        null,
        1,
        1,
        1,
        1,
        1,
        null,
        null,
        1,
        1,
        1,
        2,
        null,
        null,
        null,
        1,
        1,
        1,
        1,
        1,
        null,
        null,
        1,
        1,
        1,
        1,
        null,
        null,
        null,
        1,
        1,
        1,
        1,
        1,
        null,
        null,
        1,
        1,
        1,
        1,
        null,
        null,
        null,
        null
      ],
      "/Users/erikapheby/Projects/pairing-tests/21s/lib/game.rb": [
        1,
        1,
        1,
        1,
        null,
        1,
        6,
        6,
        6,
        null,
        null,
        1,
        2,
        2,
        2,
        null,
        null,
        1,
        2,
        2,
        null,
        null,
        1,
        4,
        4,
        3,
        null,
        null,
        1,
        null,
        1,
        3,
        2,
        null,
        null,
        1,
        4,
        0,
        null,
        null,
        null,
        1,
        2,
        null,
        null,
        1,
        3,
        null,
        null,
        1,
        4,
        null,
        null,
        1,
        2,
        null,
        null,
        1,
        4,
        null,
        null,
        1,
        8,
        null,
        null,
        1,
        3,
        null,
        null,
        1,
        29,
        null,
        null,
        1,
        0,
        null,
        null,
        1,
        2,
        null,
        null,
        1,
        4,
        null,
        null
      ],
      "/Users/erikapheby/Projects/pairing-tests/21s/spec/player_spec.rb": [
        1,
        null,
        1,
        1,
        1,
        1,
        4,
        null,
        1,
        1,
        1,
        null,
        null,
        null,
        1,
        1,
        1,
        1,
        1,
        1,
        null,
        null,
        null,
        1,
        1,
        1,
        1,
        1,
        null,
        null,
        null,
        null
      ],
      "/Users/erikapheby/Projects/pairing-tests/21s/lib/player.rb": [
        1,
        1,
        null,
        1,
        3,
        null,
        null,
        1,
        1,
        1,
        2,
        null,
        1,
        null,
        null,
        1,
        2,
        null,
        null
      ]
    },
    "timestamp": 1466096932
  }
}
