{
  "RSpec": {
    "coverage": {
      "/Users/erikapheby/Projects/pairing-tests/21s/spec/deck_spec.rb": [
        1,
        null,
        1,
        2,
        null,
        1,
        1,
        1,
        1,
        null,
        null,
        null,
        null
      ],
      "/Users/erikapheby/Projects/pairing-tests/21s/lib/deck.rb": [
        1,
        1,
        null,
        1,
        1,
        null,
        null,
        1,
        2,
        null,
        null,
        null
      ],
      "/Users/erikapheby/Projects/pairing-tests/21s/spec/player_spec.rb": [
        1,
        null,
        1,
        1,
        1,
        1,
        3,
        3,
        null,
        1,
        1,
        1,
        null,
        null,
        null,
        1,
        1,
        1,
        1,
        1,
        null,
        null,
        null,
        null
      ],
      "/Users/erikapheby/Projects/pairing-tests/21s/lib/player.rb": [
        1,
        1,
        null,
        1,
        2,
        2,
        null,
        2,
        null,
        null,
        1,
        1,
        1,
        2,
        null,
        1,
        null,
        null,
        1,
        2,
        null,
        null,
        null
      ]
    },
    "timestamp": 1466085704
  }
}
